Equate elements:  no current cell.
Equate elements:  no current cell.

Subcircuit summary:
Circuit 1: nand                            |Circuit 2: nand                            
-------------------------------------------|-------------------------------------------
sky130_fd_pr__pfet_01v8 (2)                |sky130_fd_pr__pfet_01v8 (2)                
sky130_fd_pr__nfet_01v8 (2)                |sky130_fd_pr__nfet_01v8 (2)                
Number of devices: 4                       |Number of devices: 4                       
Number of nets: 6                          |Number of nets: 6                          
---------------------------------------------------------------------------------------
Circuits match uniquely.
Netlists match uniquely.

Subcircuit pins:
Circuit 1: nand                            |Circuit 2: nand                            
-------------------------------------------|-------------------------------------------
Y                                          |Y                                          
VN                                         |VN                                         
A                                          |A                                          
B                                          |B                                          
VP                                         |VP                                         
---------------------------------------------------------------------------------------
Cell pin lists are equivalent.
Device classes nand and nand are equivalent.

Subcircuit summary:
Circuit 1: inverter                        |Circuit 2: inverter                        
-------------------------------------------|-------------------------------------------
sky130_fd_pr__nfet_01v8 (1)                |sky130_fd_pr__nfet_01v8 (1)                
sky130_fd_pr__pfet_01v8 (1)                |sky130_fd_pr__pfet_01v8 (1)                
Number of devices: 2                       |Number of devices: 2                       
Number of nets: 4                          |Number of nets: 4                          
---------------------------------------------------------------------------------------
Circuits match uniquely.
Netlists match uniquely.

Subcircuit pins:
Circuit 1: inverter                        |Circuit 2: inverter                        
-------------------------------------------|-------------------------------------------
Y                                          |Y                                          
A                                          |A                                          
Vp                                         |VP                                         
Vn                                         |VN                                         
---------------------------------------------------------------------------------------
Cell pin lists are equivalent.
Device classes inverter and inverter are equivalent.

Subcircuit summary:
Circuit 1: schematic/and.spice             |Circuit 2: layout/and.spice                
-------------------------------------------|-------------------------------------------
nand (1)                                   |nand (1)                                   
inverter (1)                               |inverter (1)                               
Number of devices: 2                       |Number of devices: 2                       
Number of nets: 6                          |Number of nets: 6                          
---------------------------------------------------------------------------------------
Circuits match uniquely.
Netlists match uniquely.
Cells have no pins;  pin matching not needed.
Device classes schematic/and.spice and layout/and.spice are equivalent.
Circuits match uniquely.
